0 info it worked if it ends with ok
1 verbose cli [ 'C:\\Program Files\\nodejs\\node.exe',
1 verbose cli   'C:\\Users\\PatrickPoh\\AppData\\Roaming\\npm\\node_modules\\npm\\bin\\npm-cli.js',
1 verbose cli   'start',
1 verbose cli   'run' ]
2 info using npm@3.5.1
3 info using node@v5.1.1
4 verbose run-script [ 'prestart', 'start', 'poststart' ]
5 info lifecycle react-webpack-skeleton@1.0.0~prestart: react-webpack-skeleton@1.0.0
6 silly lifecycle react-webpack-skeleton@1.0.0~prestart: no script for prestart, continuing
7 info lifecycle react-webpack-skeleton@1.0.0~start: react-webpack-skeleton@1.0.0
8 verbose lifecycle react-webpack-skeleton@1.0.0~start: unsafe-perm in lifecycle true
9 verbose lifecycle react-webpack-skeleton@1.0.0~start: PATH: C:\Users\PatrickPoh\AppData\Roaming\npm\node_modules\npm\bin\node-gyp-bin;C:\Users\PatrickPoh\Desktop\react-webpack-skeleton\node_modules\.bin;C:\Users\PatrickPoh\AppData\Roaming\npm;C:\Program Files\nodejs\;C:\Program Files (x86)\Intel\iCLS Client\;C:\Program Files\Intel\iCLS Client\;C:\ProgramData\Oracle\Java\javapath;C:\WINDOWS\system32;C:\WINDOWS;C:\WINDOWS\System32\Wbem;C:\WINDOWS\System32\WindowsPowerShell\v1.0\;C:\Program Files (x86)\Heroku\bin;C:\Program Files (x86)\git\cmd;C:\Program Files\nodejs\;C:\Program Files (x86)\Skype\Phone\;C:\Users\PatrickPoh\AppData\Roaming\npm;C:\Users\PatrickPoh\AppData\Local\atom\bin
10 verbose lifecycle react-webpack-skeleton@1.0.0~start: CWD: C:\Users\PatrickPoh\Desktop\react-webpack-skeleton
11 silly lifecycle react-webpack-skeleton@1.0.0~start: Args: [ '/d /s /c', 'NODE_ENV=development node ./bin/www "run"' ]
12 silly lifecycle react-webpack-skeleton@1.0.0~start: Returned: code: 1  signal: null
13 info lifecycle react-webpack-skeleton@1.0.0~start: Failed to exec start script
14 verbose stack Error: react-webpack-skeleton@1.0.0 start: `NODE_ENV=development node ./bin/www "run"`
14 verbose stack Exit status 1
14 verbose stack     at EventEmitter.<anonymous> (C:\Users\PatrickPoh\AppData\Roaming\npm\node_modules\npm\lib\utils\lifecycle.js:232:16)
14 verbose stack     at emitTwo (events.js:87:13)
14 verbose stack     at EventEmitter.emit (events.js:172:7)
14 verbose stack     at ChildProcess.<anonymous> (C:\Users\PatrickPoh\AppData\Roaming\npm\node_modules\npm\lib\utils\spawn.js:24:14)
14 verbose stack     at emitTwo (events.js:87:13)
14 verbose stack     at ChildProcess.emit (events.js:172:7)
14 verbose stack     at maybeClose (internal/child_process.js:818:16)
14 verbose stack     at Process.ChildProcess._handle.onexit (internal/child_process.js:211:5)
15 verbose pkgid react-webpack-skeleton@1.0.0
16 verbose cwd C:\Users\PatrickPoh\Desktop\react-webpack-skeleton
17 error Windows_NT 10.0.10586
18 error argv "C:\\Program Files\\nodejs\\node.exe" "C:\\Users\\PatrickPoh\\AppData\\Roaming\\npm\\node_modules\\npm\\bin\\npm-cli.js" "start" "run"
19 error node v5.1.1
20 error npm  v3.5.1
21 error code ELIFECYCLE
22 error react-webpack-skeleton@1.0.0 start: `NODE_ENV=development node ./bin/www "run"`
22 error Exit status 1
23 error Failed at the react-webpack-skeleton@1.0.0 start script 'NODE_ENV=development node ./bin/www "run"'.
23 error Make sure you have the latest version of node.js and npm installed.
23 error If you do, this is most likely a problem with the react-webpack-skeleton package,
23 error not with npm itself.
23 error Tell the author that this fails on your system:
23 error     NODE_ENV=development node ./bin/www "run"
23 error You can get information on how to open an issue for this project with:
23 error     npm bugs react-webpack-skeleton
23 error Or if that isn't available, you can get their info via:
23 error     npm owner ls react-webpack-skeleton
23 error There is likely additional logging output above.
24 verbose exit [ 1, true ]
